  lab6.c
C:\Users\vov36\OneDrive\Desktop\Labs\lab6\lab6\lab6.c(6,5): warning C4013: SetConsoleCP: нет определения; предполагается "extern" с возвратом типа "int"
C:\Users\vov36\OneDrive\Desktop\Labs\lab6\lab6\lab6.c(7,5): warning C4013: SetConsoleOutputCP: нет определения; предполагается "extern" с возвратом типа "int"
C:\Users\vov36\OneDrive\Desktop\Labs\lab6\lab6\lab6.c(50,21): warning C4473: "scanf_s": передано недостаточно аргументов для строки формата
      C:\Users\vov36\OneDrive\Desktop\Labs\lab6\lab6\lab6.c(50,21):
      заполнители и их параметры ожидают переменное число аргументов в количестве 2, но было предоставлено 1
      C:\Users\vov36\OneDrive\Desktop\Labs\lab6\lab6\lab6.c(50,21):
      отсутствующий вариативный аргумент "2" требуется для строки форматирования "%[^\n]"
      C:\Users\vov36\OneDrive\Desktop\Labs\lab6\lab6\lab6.c(50,21):
      этот аргумент используется в качестве размера буфера
  
C:\Users\vov36\OneDrive\Desktop\Labs\lab6\lab6\lab6.c(53,21): warning C4473: "scanf_s": передано недостаточно аргументов для строки формата
      C:\Users\vov36\OneDrive\Desktop\Labs\lab6\lab6\lab6.c(53,21):
      заполнители и их параметры ожидают переменное число аргументов в количестве 2, но было предоставлено 1
      C:\Users\vov36\OneDrive\Desktop\Labs\lab6\lab6\lab6.c(53,21):
      отсутствующий вариативный аргумент "2" требуется для строки форматирования "%[^\n]"
      C:\Users\vov36\OneDrive\Desktop\Labs\lab6\lab6\lab6.c(53,21):
      этот аргумент используется в качестве размера буфера
  
C:\Users\vov36\OneDrive\Desktop\Labs\lab6\lab6\lab6.c(62,21): warning C4473: "scanf_s": передано недостаточно аргументов для строки формата
      C:\Users\vov36\OneDrive\Desktop\Labs\lab6\lab6\lab6.c(62,21):
      заполнители и их параметры ожидают переменное число аргументов в количестве 2, но было предоставлено 1
      C:\Users\vov36\OneDrive\Desktop\Labs\lab6\lab6\lab6.c(62,21):
      отсутствующий вариативный аргумент "2" требуется для строки форматирования "%[^\n]"
      C:\Users\vov36\OneDrive\Desktop\Labs\lab6\lab6\lab6.c(62,21):
      этот аргумент используется в качестве размера буфера
  
  Создание кода
  0 of 18 functions ( 0.0%) were compiled, the rest were copied from previous compilation.
    0 functions were new in current compilation
    0 functions had inline decision re-evaluated but remain unchanged
  Создание кода завершено
  lab6.vcxproj -> C:\Users\vov36\OneDrive\Desktop\Labs\lab6\x64\Release\lab6.exe
