  functions.c
  lab6.c
C:\Users\vov36\source\repos\lab6\lab6\lab6.c(48,21): warning C4473: "scanf_s": передано недостаточно аргументов для строки формата
      C:\Users\vov36\source\repos\lab6\lab6\lab6.c(48,21):
      заполнители и их параметры ожидают переменное число аргументов в количестве 2, но было предоставлено 1
      C:\Users\vov36\source\repos\lab6\lab6\lab6.c(48,21):
      отсутствующий вариативный аргумент "2" требуется для строки форматирования "%[^\n]"
      C:\Users\vov36\source\repos\lab6\lab6\lab6.c(48,21):
      этот аргумент используется в качестве размера буфера
  
C:\Users\vov36\source\repos\lab6\lab6\lab6.c(51,21): warning C4473: "scanf_s": передано недостаточно аргументов для строки формата
      C:\Users\vov36\source\repos\lab6\lab6\lab6.c(51,21):
      заполнители и их параметры ожидают переменное число аргументов в количестве 2, но было предоставлено 1
      C:\Users\vov36\source\repos\lab6\lab6\lab6.c(51,21):
      отсутствующий вариативный аргумент "2" требуется для строки форматирования "%[^\n]"
      C:\Users\vov36\source\repos\lab6\lab6\lab6.c(51,21):
      этот аргумент используется в качестве размера буфера
  
C:\Users\vov36\source\repos\lab6\lab6\lab6.c(60,21): warning C4473: "scanf_s": передано недостаточно аргументов для строки формата
      C:\Users\vov36\source\repos\lab6\lab6\lab6.c(60,21):
      заполнители и их параметры ожидают переменное число аргументов в количестве 2, но было предоставлено 1
      C:\Users\vov36\source\repos\lab6\lab6\lab6.c(60,21):
      отсутствующий вариативный аргумент "2" требуется для строки форматирования "%[^\n]"
      C:\Users\vov36\source\repos\lab6\lab6\lab6.c(60,21):
      этот аргумент используется в качестве размера буфера
  
  Создание кода...
  lab6.vcxproj -> C:\Users\vov36\source\repos\lab6\x64\Debug\lab6.exe
